2021-07-07 13:50:27,586 - DEBUG    - client   - App started 
2021-07-07 13:50:29,803 - DEBUG    - body     - Function "get_client_socket" is called into "main" 
2021-07-07 13:50:29,805 - INFO     - client   - Connected to server: 127.0.0.1:7777 
2021-07-07 13:50:29,806 - DEBUG    - body     - Function "send_data" is called into "main" 
2021-07-07 13:50:30,310 - DEBUG    - body     - Function "get_data" is called into "main" 
2021-07-07 13:50:33,817 - DEBUG    - body     - Function "send_data" is called into "main" 
2021-07-07 13:50:33,822 - DEBUG    - body     - Function "get_data" is called into "main" 
2021-07-07 13:50:39,328 - DEBUG    - body     - Function "send_data" is called into "main" 
2021-07-07 13:50:39,365 - DEBUG    - body     - Function "get_data" is called into "main" 
2021-07-07 13:50:39,365 - DEBUG    - client   - App ending 
2021-07-11 12:58:40,471 - DEBUG    - client   - App started 
2021-07-11 12:58:42,899 - DEBUG    - body     - Function "get_client_socket" is called into "<module>" 
2021-07-11 12:58:42,902 - INFO     - client   - Connected to server: 127.0.0.1:7777 
2021-07-11 12:58:42,902 - DEBUG    - body     - Function "send_data" is called into "<module>" 
2021-07-11 12:58:43,125 - DEBUG    - body     - Function "get_data" is called into "receive" 
2021-07-11 12:58:43,409 - DEBUG    - body     - Function "get_data" is called into "receive" 
2021-07-11 13:09:29,934 - DEBUG    - client   - App started 
2021-07-11 13:09:32,508 - DEBUG    - body     - Function "get_client_socket" is called into "<module>" 
2021-07-11 13:09:32,511 - INFO     - client   - Connected to server: 127.0.0.1:7777 
2021-07-11 13:09:32,511 - DEBUG    - body     - Function "send_data" is called into "<module>" 
2021-07-11 13:09:32,742 - DEBUG    - body     - Function "get_data" is called into "receive" 
2021-07-11 13:09:33,020 - DEBUG    - body     - Function "get_data" is called into "receive" 
2021-07-11 13:11:06,569 - DEBUG    - client   - App started 
2021-07-11 13:11:10,942 - DEBUG    - body     - Function "get_client_socket" is called into "<module>" 
2021-07-11 13:11:10,944 - INFO     - client   - Connected to server: 127.0.0.1:7777 
2021-07-11 13:11:10,953 - DEBUG    - body     - Function "send_data" is called into "<module>" 
2021-07-11 13:11:11,177 - DEBUG    - body     - Function "get_data" is called into "receive" 
2021-07-11 13:11:11,461 - DEBUG    - body     - Function "get_data" is called into "receive" 
2021-07-11 13:11:42,469 - DEBUG    - client   - App started 
2021-07-11 13:11:59,151 - DEBUG    - body     - Function "get_client_socket" is called into "<module>" 
2021-07-11 13:11:59,156 - INFO     - client   - Connected to server: 127.0.0.1:7777 
2021-07-11 13:11:59,156 - DEBUG    - body     - Function "send_data" is called into "<module>" 
2021-07-11 13:11:59,651 - DEBUG    - body     - Function "get_data" is called into "receive" 
2021-07-11 13:11:59,664 - DEBUG    - body     - Function "get_data" is called into "receive" 
